<?xml version="1.0" encoding="UTF-8"?>
<robot generator="Robot 5.0.1 (Python 3.10.6 on win32)" generated="20220815 12:06:55.384" rpa="false" schemaversion="3">
<suite id="s1" name="Prova Testes Separados" source="C:\Users\susu_\OneDrive\Documentos\Prova\prova_testes_separados.robot">
<test id="s1-t1" name="Caso de Teste 01 - Acessar o site" line="7">
<kw name="Abrir o navegador" library="prova_resources">
<kw name="Open Browser" library="SeleniumLibrary">
<arg>browser=chrome</arg>
<doc>Opens a new browser instance to the optional ``url``.</doc>
<msg timestamp="20220815 12:06:55.614" level="INFO">Opening browser 'chrome' to base url 'None'.</msg>
<status status="PASS" starttime="20220815 12:06:55.613" endtime="20220815 12:06:57.063"/>
</kw>
<kw name="Maximize Browser Window" library="SeleniumLibrary">
<doc>Maximizes current browser window.</doc>
<status status="PASS" starttime="20220815 12:06:57.063" endtime="20220815 12:06:57.208"/>
</kw>
<status status="PASS" starttime="20220815 12:06:55.613" endtime="20220815 12:06:57.208"/>
</kw>
<kw name="Acessar a URL https://portal.dev.cloud.aocubo.com/" library="prova_resources">
<kw name="Go To" library="SeleniumLibrary">
<arg>url=${URL}</arg>
<doc>Navigates the current browser window to the provided ``url``.</doc>
<msg timestamp="20220815 12:06:57.210" level="INFO">Opening url 'https://portal.dev.cloud.aocubo.com/'</msg>
<status status="PASS" starttime="20220815 12:06:57.209" endtime="20220815 12:07:02.156"/>
</kw>
<status status="PASS" starttime="20220815 12:06:57.209" endtime="20220815 12:07:02.156"/>
</kw>
<kw name="Carregar a página de destino corretamente" library="prova_resources">
<kw name="Wait Until Element Is Visible" library="SeleniumLibrary">
<arg>locator=${BTNLOGIN}</arg>
<doc>Waits until the element ``locator`` is visible.</doc>
<status status="PASS" starttime="20220815 12:07:02.158" endtime="20220815 12:07:02.246"/>
</kw>
<status status="PASS" starttime="20220815 12:07:02.157" endtime="20220815 12:07:02.246"/>
</kw>
<kw name="Printar o resultado" library="prova_resources" type="TEARDOWN">
<kw name="Set Screenshot Directory" library="SeleniumLibrary">
<arg>path=./results</arg>
<doc>Sets the directory for captured screenshots.</doc>
<msg timestamp="20220815 12:07:02.248" level="WARN">Keyword 'Set Screenshot Directory' found both from a custom library 'SeleniumLibrary' and a standard library 'Screenshot'. The custom keyword is used. To select explicitly, and to get rid of this warning, use either 'SeleniumLibrary.Set Screenshot Directory' or 'Screenshot.Set Screenshot Directory'.</msg>
<status status="PASS" starttime="20220815 12:07:02.248" endtime="20220815 12:07:02.251"/>
</kw>
<kw name="Capture Page Screenshot" library="SeleniumLibrary">
<doc>Takes a screenshot of the current page and embeds it into a log file.</doc>
<msg timestamp="20220815 12:07:02.649" level="INFO" html="true">&lt;/td&gt;&lt;/tr&gt;&lt;tr&gt;&lt;td colspan="3"&gt;&lt;a href="results/selenium-screenshot-18.png"&gt;&lt;img src="results/selenium-screenshot-18.png" width="800px"&gt;&lt;/a&gt;</msg>
<status status="PASS" starttime="20220815 12:07:02.251" endtime="20220815 12:07:02.650"/>
</kw>
<status status="PASS" starttime="20220815 12:07:02.247" endtime="20220815 12:07:02.650"/>
</kw>
<doc>Esse teste acessa a URL para início dos casos de teste.</doc>
<tag>acesso_site</tag>
<status status="PASS" starttime="20220815 12:06:55.612" endtime="20220815 12:07:02.650"/>
</test>
<test id="s1-t2" name="Caso de Teste 02 - Realizar Login" line="14">
<kw name="Já acessando o site, clique em Login no canto superior direito da tela" library="prova_resources">
<kw name="Click Element" library="SeleniumLibrary">
<arg>locator=${BTNLOGIN}</arg>
<doc>Click the element identified by ``locator``.</doc>
<msg timestamp="20220815 12:07:02.654" level="INFO">Clicking element '//a[@href='/login'][contains(.,'Login')]'.</msg>
<status status="PASS" starttime="20220815 12:07:02.654" endtime="20220815 12:07:02.808"/>
</kw>
<status status="PASS" starttime="20220815 12:07:02.653" endtime="20220815 12:07:02.808"/>
</kw>
<kw name="Deve ser direcionado a tela de login" library="prova_resources">
<kw name="Wait Until Element Is Visible" library="SeleniumLibrary">
<arg>locator=${BTNFAZERLOGIN}</arg>
<doc>Waits until the element ``locator`` is visible.</doc>
<status status="PASS" starttime="20220815 12:07:02.809" endtime="20220815 12:07:02.892"/>
</kw>
<status status="PASS" starttime="20220815 12:07:02.809" endtime="20220815 12:07:02.893"/>
</kw>
<kw name="Na tela de login insira o Email e Senha" library="prova_resources">
<kw name="Input Text" library="SeleniumLibrary">
<arg>locator=${CAMPOEMAIL}</arg>
<arg>text=${EMAIL}</arg>
<doc>Types the given ``text`` into the text field identified by ``locator``.</doc>
<msg timestamp="20220815 12:07:02.894" level="INFO">Typing text 'vsantos.lvieira@gmail.com' into text field '//input[contains(@data-testid,'email-input')]'.</msg>
<status status="PASS" starttime="20220815 12:07:02.894" endtime="20220815 12:07:03.156"/>
</kw>
<kw name="Input Password" library="SeleniumLibrary">
<arg>locator=${CAMPOSENHA}</arg>
<arg>password=${SENHA}</arg>
<doc>Types the given password into the text field identified by ``locator``.</doc>
<msg timestamp="20220815 12:07:03.156" level="INFO">Typing password into text field '//input[contains(@data-testid,'password-input')]'.</msg>
<msg timestamp="20220815 12:07:03.212" level="INFO">Temporally setting log level to: NONE</msg>
<msg timestamp="20220815 12:07:03.311" level="INFO">Log level changed from NONE to INFO.</msg>
<status status="PASS" starttime="20220815 12:07:03.156" endtime="20220815 12:07:03.311"/>
</kw>
<status status="PASS" starttime="20220815 12:07:02.893" endtime="20220815 12:07:03.311"/>
</kw>
<kw name="Clique em Fazer Login" library="prova_resources">
<kw name="Click Element" library="SeleniumLibrary">
<arg>locator=${BTNFAZERLOGIN}</arg>
<doc>Click the element identified by ``locator``.</doc>
<msg timestamp="20220815 12:07:03.314" level="INFO">Clicking element '//button[contains(@data-testid,'login-button')]'.</msg>
<status status="PASS" starttime="20220815 12:07:03.313" endtime="20220815 12:07:03.458"/>
</kw>
<status status="PASS" starttime="20220815 12:07:03.312" endtime="20220815 12:07:03.458"/>
</kw>
<kw name="Deve ser direcionado a tela interna do corretor" library="prova_resources">
<kw name="Wait Until Element Is Visible" library="SeleniumLibrary">
<arg>locator=${LOGO}</arg>
<doc>Waits until the element ``locator`` is visible.</doc>
<status status="PASS" starttime="20220815 12:07:03.459" endtime="20220815 12:07:04.936"/>
</kw>
<status status="PASS" starttime="20220815 12:07:03.459" endtime="20220815 12:07:04.936"/>
</kw>
<kw name="Printar o resultado" library="prova_resources" type="TEARDOWN">
<kw name="Set Screenshot Directory" library="SeleniumLibrary">
<arg>path=./results</arg>
<doc>Sets the directory for captured screenshots.</doc>
<msg timestamp="20220815 12:07:04.937" level="WARN">Keyword 'Set Screenshot Directory' found both from a custom library 'SeleniumLibrary' and a standard library 'Screenshot'. The custom keyword is used. To select explicitly, and to get rid of this warning, use either 'SeleniumLibrary.Set Screenshot Directory' or 'Screenshot.Set Screenshot Directory'.</msg>
<status status="PASS" starttime="20220815 12:07:04.937" endtime="20220815 12:07:04.939"/>
</kw>
<kw name="Capture Page Screenshot" library="SeleniumLibrary">
<doc>Takes a screenshot of the current page and embeds it into a log file.</doc>
<msg timestamp="20220815 12:07:05.199" level="INFO" html="true">&lt;/td&gt;&lt;/tr&gt;&lt;tr&gt;&lt;td colspan="3"&gt;&lt;a href="results/selenium-screenshot-19.png"&gt;&lt;img src="results/selenium-screenshot-19.png" width="800px"&gt;&lt;/a&gt;</msg>
<status status="PASS" starttime="20220815 12:07:04.939" endtime="20220815 12:07:05.199"/>
</kw>
<status status="PASS" starttime="20220815 12:07:04.937" endtime="20220815 12:07:05.199"/>
</kw>
<doc>Esse teste acessa a tela de login e realiza o mesmo até a interna do corretor.</doc>
<tag>login</tag>
<status status="PASS" starttime="20220815 12:07:02.653" endtime="20220815 12:07:05.200"/>
</test>
<test id="s1-t3" name="Caso de Teste 03 - Efetuar Busca - Nome" line="23">
<kw name="Acessar o menu imóveis" library="prova_resources">
<kw name="Click Element" library="SeleniumLibrary">
<arg>locator=${MENUIMOVEIS}</arg>
<doc>Click the element identified by ``locator``.</doc>
<msg timestamp="20220815 12:07:05.204" level="INFO">Clicking element '//a[@href='/dashboard/imoveis'][contains(.,'Imóveis')]'.</msg>
<status status="PASS" starttime="20220815 12:07:05.203" endtime="20220815 12:07:06.023"/>
</kw>
<status status="PASS" starttime="20220815 12:07:05.203" endtime="20220815 12:07:06.023"/>
</kw>
<kw name="Deve abrir a sessão para busca de imóveis e demonstração de seu resultado" library="prova_resources">
<kw name="Wait Until Element Is Visible" library="SeleniumLibrary">
<arg>locator=${INPUTBUSCA}</arg>
<doc>Waits until the element ``locator`` is visible.</doc>
<status status="PASS" starttime="20220815 12:07:06.025" endtime="20220815 12:07:06.681"/>
</kw>
<status status="PASS" starttime="20220815 12:07:06.024" endtime="20220815 12:07:06.681"/>
</kw>
<kw name="Pesquisa pelo nome: Imóvel teste automatizado robot" library="prova_resources">
<kw name="Input Text" library="SeleniumLibrary">
<arg>locator=${INPUTBUSCA}</arg>
<arg>text=Imóvel teste automatizado robot</arg>
<doc>Types the given ``text`` into the text field identified by ``locator``.</doc>
<msg timestamp="20220815 12:07:06.683" level="INFO">Typing text 'Imóvel teste automatizado robot' into text field '//input[contains(@data-testid,'search-by-name')]'.</msg>
<status status="PASS" starttime="20220815 12:07:06.682" endtime="20220815 12:07:09.063"/>
</kw>
<kw name="Click Element" library="SeleniumLibrary">
<arg>locator=${BTNBUSCAR}</arg>
<doc>Click the element identified by ``locator``.</doc>
<msg timestamp="20220815 12:07:09.064" level="INFO">Clicking element '//button[@type='submit'][contains(.,'BUSCAR')]'.</msg>
<status status="PASS" starttime="20220815 12:07:09.063" endtime="20220815 12:07:09.901"/>
</kw>
<kw name="Wait Until Element Is Visible" library="SeleniumLibrary">
<arg>locator=${RESULTADO}</arg>
<doc>Waits until the element ``locator`` is visible.</doc>
<status status="PASS" starttime="20220815 12:07:09.901" endtime="20220815 12:07:10.441"/>
</kw>
<status status="PASS" starttime="20220815 12:07:06.682" endtime="20220815 12:07:10.442"/>
</kw>
<kw name="Printar o resultado" library="prova_resources" type="TEARDOWN">
<kw name="Set Screenshot Directory" library="SeleniumLibrary">
<arg>path=./results</arg>
<doc>Sets the directory for captured screenshots.</doc>
<msg timestamp="20220815 12:07:10.443" level="WARN">Keyword 'Set Screenshot Directory' found both from a custom library 'SeleniumLibrary' and a standard library 'Screenshot'. The custom keyword is used. To select explicitly, and to get rid of this warning, use either 'SeleniumLibrary.Set Screenshot Directory' or 'Screenshot.Set Screenshot Directory'.</msg>
<status status="PASS" starttime="20220815 12:07:10.443" endtime="20220815 12:07:10.445"/>
</kw>
<kw name="Capture Page Screenshot" library="SeleniumLibrary">
<doc>Takes a screenshot of the current page and embeds it into a log file.</doc>
<msg timestamp="20220815 12:07:10.693" level="INFO" html="true">&lt;/td&gt;&lt;/tr&gt;&lt;tr&gt;&lt;td colspan="3"&gt;&lt;a href="results/selenium-screenshot-20.png"&gt;&lt;img src="results/selenium-screenshot-20.png" width="800px"&gt;&lt;/a&gt;</msg>
<status status="PASS" starttime="20220815 12:07:10.445" endtime="20220815 12:07:10.693"/>
</kw>
<status status="PASS" starttime="20220815 12:07:10.443" endtime="20220815 12:07:10.693"/>
</kw>
<doc>Esse teste assume todos o filtro nome passado na história de usuário, caso 1.</doc>
<tag>filtros_pesquisa_nome</tag>
<status status="PASS" starttime="20220815 12:07:05.202" endtime="20220815 12:07:10.694"/>
</test>
<test id="s1-t4" name="Caso de Teste 04 - Efetuar Busca - Incorporadora" line="30">
<kw name="Acessar o menu imóveis" library="prova_resources">
<kw name="Click Element" library="SeleniumLibrary">
<arg>locator=${MENUIMOVEIS}</arg>
<doc>Click the element identified by ``locator``.</doc>
<msg timestamp="20220815 12:07:10.697" level="INFO">Clicking element '//a[@href='/dashboard/imoveis'][contains(.,'Imóveis')]'.</msg>
<status status="PASS" starttime="20220815 12:07:10.697" endtime="20220815 12:07:10.998"/>
</kw>
<status status="PASS" starttime="20220815 12:07:10.696" endtime="20220815 12:07:10.999"/>
</kw>
<kw name="Deve abrir a sessão para busca de imóveis e demonstração de seu resultado" library="prova_resources">
<kw name="Wait Until Element Is Visible" library="SeleniumLibrary">
<arg>locator=${INPUTBUSCA}</arg>
<doc>Waits until the element ``locator`` is visible.</doc>
<status status="PASS" starttime="20220815 12:07:11.000" endtime="20220815 12:07:11.131"/>
</kw>
<status status="PASS" starttime="20220815 12:07:11.000" endtime="20220815 12:07:11.131"/>
</kw>
<kw name="Pesquisar pela Incorporadora: BKO" library="prova_resources">
<kw name="Click Element" library="SeleniumLibrary">
<arg>locator=${INCORPORADORA}</arg>
<doc>Click the element identified by ``locator``.</doc>
<msg timestamp="20220815 12:07:11.133" level="INFO">Clicking element '//div[@class='styles__HeaderFieldItem-sc-1f6rqub-10 gWWghp'][contains(.,'Incorporadora')]'.</msg>
<status status="PASS" starttime="20220815 12:07:11.133" endtime="20220815 12:07:11.420"/>
</kw>
<kw name="Input Text" library="SeleniumLibrary">
<arg>locator=${BUSCARINCORPORADORA}</arg>
<arg>text=BKO</arg>
<doc>Types the given ``text`` into the text field identified by ``locator``.</doc>
<msg timestamp="20220815 12:07:11.420" level="INFO">Typing text 'BKO' into text field '//input[contains(@name,'searchCorp')]'.</msg>
<status status="PASS" starttime="20220815 12:07:11.420" endtime="20220815 12:07:11.900"/>
</kw>
<kw name="Click Element" library="SeleniumLibrary">
<arg>locator=${BKO}</arg>
<doc>Click the element identified by ``locator``.</doc>
<msg timestamp="20220815 12:07:11.901" level="INFO">Clicking element '//div[contains(@class,'styles__CorpItem-sc-1f6rqub-26 jeehYK')]'.</msg>
<status status="PASS" starttime="20220815 12:07:11.900" endtime="20220815 12:07:12.238"/>
</kw>
<kw name="Wait Until Element Is Visible" library="SeleniumLibrary">
<arg>locator=${RESULTADO}</arg>
<doc>Waits until the element ``locator`` is visible.</doc>
<status status="PASS" starttime="20220815 12:07:12.238" endtime="20220815 12:07:12.959"/>
</kw>
<status status="PASS" starttime="20220815 12:07:11.132" endtime="20220815 12:07:12.959"/>
</kw>
<kw name="Printar o resultado" library="prova_resources" type="TEARDOWN">
<kw name="Set Screenshot Directory" library="SeleniumLibrary">
<arg>path=./results</arg>
<doc>Sets the directory for captured screenshots.</doc>
<msg timestamp="20220815 12:07:12.961" level="WARN">Keyword 'Set Screenshot Directory' found both from a custom library 'SeleniumLibrary' and a standard library 'Screenshot'. The custom keyword is used. To select explicitly, and to get rid of this warning, use either 'SeleniumLibrary.Set Screenshot Directory' or 'Screenshot.Set Screenshot Directory'.</msg>
<status status="PASS" starttime="20220815 12:07:12.961" endtime="20220815 12:07:12.963"/>
</kw>
<kw name="Capture Page Screenshot" library="SeleniumLibrary">
<doc>Takes a screenshot of the current page and embeds it into a log file.</doc>
<msg timestamp="20220815 12:07:13.260" level="INFO" html="true">&lt;/td&gt;&lt;/tr&gt;&lt;tr&gt;&lt;td colspan="3"&gt;&lt;a href="results/selenium-screenshot-21.png"&gt;&lt;img src="results/selenium-screenshot-21.png" width="800px"&gt;&lt;/a&gt;</msg>
<status status="PASS" starttime="20220815 12:07:12.963" endtime="20220815 12:07:13.260"/>
</kw>
<status status="PASS" starttime="20220815 12:07:12.960" endtime="20220815 12:07:13.260"/>
</kw>
<doc>Esse teste assume todos o filtro Incorporadora passados na história de usuário, caso 1.</doc>
<tag>filtros_pesquisa_incorporadora</tag>
<status status="PASS" starttime="20220815 12:07:10.696" endtime="20220815 12:07:13.261"/>
</test>
<test id="s1-t5" name="Caso de Teste 05 - Efetuar Busca - Preco" line="37">
<kw name="Acessar o menu imóveis" library="prova_resources">
<kw name="Click Element" library="SeleniumLibrary">
<arg>locator=${MENUIMOVEIS}</arg>
<doc>Click the element identified by ``locator``.</doc>
<msg timestamp="20220815 12:07:13.264" level="INFO">Clicking element '//a[@href='/dashboard/imoveis'][contains(.,'Imóveis')]'.</msg>
<status status="PASS" starttime="20220815 12:07:13.264" endtime="20220815 12:07:13.539"/>
</kw>
<status status="PASS" starttime="20220815 12:07:13.264" endtime="20220815 12:07:13.539"/>
</kw>
<kw name="Deve abrir a sessão para busca de imóveis e demonstração de seu resultado" library="prova_resources">
<kw name="Wait Until Element Is Visible" library="SeleniumLibrary">
<arg>locator=${INPUTBUSCA}</arg>
<doc>Waits until the element ``locator`` is visible.</doc>
<status status="PASS" starttime="20220815 12:07:13.541" endtime="20220815 12:07:13.664"/>
</kw>
<status status="PASS" starttime="20220815 12:07:13.540" endtime="20220815 12:07:13.664"/>
</kw>
<kw name="Pesquisar pelo Preço: R$ 1.134.667,00 até 1.140.000,00" library="prova_resources">
<kw name="Click Element" library="SeleniumLibrary">
<arg>locator=${PRECO}</arg>
<doc>Click the element identified by ``locator``.</doc>
<msg timestamp="20220815 12:07:13.666" level="INFO">Clicking element '//div[@class='styles__FieldItem-sc-1f6rqub-13 fSuMjk'][contains(.,'PreçoFaixa de PreçoatéLimpar FiltrosAplicar Filtros')]'.</msg>
<status status="PASS" starttime="20220815 12:07:13.666" endtime="20220815 12:07:13.915"/>
</kw>
<kw name="Input Text" library="SeleniumLibrary">
<arg>locator=${PRECOINICIAL}</arg>
<arg>text=113466700</arg>
<doc>Types the given ``text`` into the text field identified by ``locator``.</doc>
<msg timestamp="20220815 12:07:13.915" level="INFO">Typing text '113466700' into text field '//input[contains(@name,'priceFrom')]'.</msg>
<status status="PASS" starttime="20220815 12:07:13.915" endtime="20220815 12:07:14.605"/>
</kw>
<kw name="Input Text" library="SeleniumLibrary">
<arg>locator=${PRECOFINAL}</arg>
<arg>text=114000000</arg>
<doc>Types the given ``text`` into the text field identified by ``locator``.</doc>
<msg timestamp="20220815 12:07:14.605" level="INFO">Typing text '114000000' into text field '//input[contains(@name,'priceUntil')]'.</msg>
<status status="PASS" starttime="20220815 12:07:14.605" endtime="20220815 12:07:15.278"/>
</kw>
<kw name="Click Element" library="SeleniumLibrary">
<arg>locator=${APLICARPRECO}</arg>
<doc>Click the element identified by ``locator``.</doc>
<msg timestamp="20220815 12:07:15.278" level="INFO">Clicking element '(//button[@data-testid='filter-button'][contains(.,'Aplicar Filtros')])[2]'.</msg>
<status status="PASS" starttime="20220815 12:07:15.278" endtime="20220815 12:07:15.631"/>
</kw>
<kw name="Wait Until Element Is Visible" library="SeleniumLibrary">
<arg>locator=${RESULTADO}</arg>
<doc>Waits until the element ``locator`` is visible.</doc>
<status status="PASS" starttime="20220815 12:07:15.631" endtime="20220815 12:07:16.147"/>
</kw>
<status status="PASS" starttime="20220815 12:07:13.665" endtime="20220815 12:07:16.147"/>
</kw>
<kw name="Printar o resultado" library="prova_resources" type="TEARDOWN">
<kw name="Set Screenshot Directory" library="SeleniumLibrary">
<arg>path=./results</arg>
<doc>Sets the directory for captured screenshots.</doc>
<msg timestamp="20220815 12:07:16.148" level="WARN">Keyword 'Set Screenshot Directory' found both from a custom library 'SeleniumLibrary' and a standard library 'Screenshot'. The custom keyword is used. To select explicitly, and to get rid of this warning, use either 'SeleniumLibrary.Set Screenshot Directory' or 'Screenshot.Set Screenshot Directory'.</msg>
<status status="PASS" starttime="20220815 12:07:16.148" endtime="20220815 12:07:16.150"/>
</kw>
<kw name="Capture Page Screenshot" library="SeleniumLibrary">
<doc>Takes a screenshot of the current page and embeds it into a log file.</doc>
<msg timestamp="20220815 12:07:16.427" level="INFO" html="true">&lt;/td&gt;&lt;/tr&gt;&lt;tr&gt;&lt;td colspan="3"&gt;&lt;a href="results/selenium-screenshot-22.png"&gt;&lt;img src="results/selenium-screenshot-22.png" width="800px"&gt;&lt;/a&gt;</msg>
<status status="PASS" starttime="20220815 12:07:16.150" endtime="20220815 12:07:16.427"/>
</kw>
<status status="PASS" starttime="20220815 12:07:16.148" endtime="20220815 12:07:16.428"/>
</kw>
<doc>Esse teste assume todos o filtro Preço passados na história de usuário, caso 1.</doc>
<tag>filtros_pesquisa_preco</tag>
<status status="PASS" starttime="20220815 12:07:13.262" endtime="20220815 12:07:16.428"/>
</test>
<test id="s1-t6" name="Caso de Teste 06 - Efetuar Busca - Estagio" line="44">
<kw name="Acessar o menu imóveis" library="prova_resources">
<kw name="Click Element" library="SeleniumLibrary">
<arg>locator=${MENUIMOVEIS}</arg>
<doc>Click the element identified by ``locator``.</doc>
<msg timestamp="20220815 12:07:16.433" level="INFO">Clicking element '//a[@href='/dashboard/imoveis'][contains(.,'Imóveis')]'.</msg>
<status status="PASS" starttime="20220815 12:07:16.432" endtime="20220815 12:07:16.711"/>
</kw>
<status status="PASS" starttime="20220815 12:07:16.432" endtime="20220815 12:07:16.712"/>
</kw>
<kw name="Deve abrir a sessão para busca de imóveis e demonstração de seu resultado" library="prova_resources">
<kw name="Wait Until Element Is Visible" library="SeleniumLibrary">
<arg>locator=${INPUTBUSCA}</arg>
<doc>Waits until the element ``locator`` is visible.</doc>
<status status="PASS" starttime="20220815 12:07:16.713" endtime="20220815 12:07:16.851"/>
</kw>
<status status="PASS" starttime="20220815 12:07:16.713" endtime="20220815 12:07:16.851"/>
</kw>
<kw name="Pesquisar pelo Estágio da obra: Pronto" library="prova_resources">
<kw name="Click Element" library="SeleniumLibrary">
<arg>locator=${ESTAGIODAOBRA}</arg>
<doc>Click the element identified by ``locator``.</doc>
<msg timestamp="20220815 12:07:16.853" level="INFO">Clicking element '//div[@class='styles__FieldItem-sc-1f6rqub-13 fSuMjk'][contains(.,'Estágio da Obra Estágio da ObraLançamentoEm ObrasProntoLimpar FiltrosAplicar Filtros')]'.</msg>
<status status="PASS" starttime="20220815 12:07:16.853" endtime="20220815 12:07:17.137"/>
</kw>
<kw name="Click Element" library="SeleniumLibrary">
<arg>locator=${ESTAGIORADIO}</arg>
<doc>Click the element identified by ``locator``.</doc>
<msg timestamp="20220815 12:07:17.137" level="INFO">Clicking element '(//label[@class='styles__Container-sc-qwfn59-0 crlxLX'][contains(.,'Pronto')])[2]'.</msg>
<status status="PASS" starttime="20220815 12:07:17.137" endtime="20220815 12:07:17.440"/>
</kw>
<kw name="Click Element" library="SeleniumLibrary">
<arg>locator=${APLIACARESTAGIO}</arg>
<doc>Click the element identified by ``locator``.</doc>
<msg timestamp="20220815 12:07:17.441" level="INFO">Clicking element '(//button[@data-testid='filter-button'][contains(.,'Aplicar Filtros')])[4]'.</msg>
<status status="PASS" starttime="20220815 12:07:17.440" endtime="20220815 12:07:17.803"/>
</kw>
<kw name="Wait Until Element Is Visible" library="SeleniumLibrary">
<arg>locator=${RESULTADO}</arg>
<doc>Waits until the element ``locator`` is visible.</doc>
<status status="PASS" starttime="20220815 12:07:17.804" endtime="20220815 12:07:18.315"/>
</kw>
<status status="PASS" starttime="20220815 12:07:16.852" endtime="20220815 12:07:18.316"/>
</kw>
<kw name="Printar o resultado" library="prova_resources" type="TEARDOWN">
<kw name="Set Screenshot Directory" library="SeleniumLibrary">
<arg>path=./results</arg>
<doc>Sets the directory for captured screenshots.</doc>
<msg timestamp="20220815 12:07:18.317" level="WARN">Keyword 'Set Screenshot Directory' found both from a custom library 'SeleniumLibrary' and a standard library 'Screenshot'. The custom keyword is used. To select explicitly, and to get rid of this warning, use either 'SeleniumLibrary.Set Screenshot Directory' or 'Screenshot.Set Screenshot Directory'.</msg>
<status status="PASS" starttime="20220815 12:07:18.317" endtime="20220815 12:07:18.320"/>
</kw>
<kw name="Capture Page Screenshot" library="SeleniumLibrary">
<doc>Takes a screenshot of the current page and embeds it into a log file.</doc>
<msg timestamp="20220815 12:07:18.591" level="INFO" html="true">&lt;/td&gt;&lt;/tr&gt;&lt;tr&gt;&lt;td colspan="3"&gt;&lt;a href="results/selenium-screenshot-23.png"&gt;&lt;img src="results/selenium-screenshot-23.png" width="800px"&gt;&lt;/a&gt;</msg>
<status status="PASS" starttime="20220815 12:07:18.320" endtime="20220815 12:07:18.591"/>
</kw>
<status status="PASS" starttime="20220815 12:07:18.317" endtime="20220815 12:07:18.591"/>
</kw>
<doc>Esse teste assume todos o filtro Estagio passados na história de usuário, caso 1.</doc>
<tag>filtros_pesquisa_estagio</tag>
<status status="PASS" starttime="20220815 12:07:16.430" endtime="20220815 12:07:18.592"/>
</test>
<test id="s1-t7" name="Caso de Teste 07 - Efetuar Busca - Cidade" line="51">
<kw name="Deve abrir a sessão para busca de imóveis e demonstração de seu resultado" library="prova_resources">
<kw name="Wait Until Element Is Visible" library="SeleniumLibrary">
<arg>locator=${INPUTBUSCA}</arg>
<doc>Waits until the element ``locator`` is visible.</doc>
<status status="PASS" starttime="20220815 12:07:18.595" endtime="20220815 12:07:18.714"/>
</kw>
<status status="PASS" starttime="20220815 12:07:18.595" endtime="20220815 12:07:18.714"/>
</kw>
<kw name="Pesquisa pela Cidade: São Paulo" library="prova_resources">
<kw name="Click Element" library="SeleniumLibrary">
<arg>locator=${CIDADEOUBAIRRO}</arg>
<doc>Click the element identified by ``locator``.</doc>
<msg timestamp="20220815 12:07:18.716" level="INFO">Clicking element '//div[@data-testid='city-or-neighborhood-button'][contains(.,'Cidade ou bairro')]'.</msg>
<status status="PASS" starttime="20220815 12:07:18.715" endtime="20220815 12:07:19.002"/>
</kw>
<kw name="Click Element" library="SeleniumLibrary">
<arg>locator=${CIDADE}</arg>
<doc>Click the element identified by ``locator``.</doc>
<msg timestamp="20220815 12:07:19.002" level="INFO">Clicking element '//input[contains(@placeholder,'Cidade')]'.</msg>
<status status="PASS" starttime="20220815 12:07:19.002" endtime="20220815 12:07:19.331"/>
</kw>
<kw name="Click Element" library="SeleniumLibrary">
<arg>locator=${SAOPAULO}</arg>
<doc>Click the element identified by ``locator``.</doc>
<msg timestamp="20220815 12:07:19.332" level="INFO">Clicking element '//button[@type='button'][contains(.,'São Paulo - SP')]'.</msg>
<status status="PASS" starttime="20220815 12:07:19.332" endtime="20220815 12:07:19.715"/>
</kw>
<kw name="Wait Until Element Is Visible" library="SeleniumLibrary">
<arg>locator=${RESULTADO}</arg>
<doc>Waits until the element ``locator`` is visible.</doc>
<status status="PASS" starttime="20220815 12:07:19.716" endtime="20220815 12:07:20.256"/>
</kw>
<status status="PASS" starttime="20220815 12:07:18.715" endtime="20220815 12:07:20.256"/>
</kw>
<kw name="Printar o resultado" library="prova_resources" type="TEARDOWN">
<kw name="Set Screenshot Directory" library="SeleniumLibrary">
<arg>path=./results</arg>
<doc>Sets the directory for captured screenshots.</doc>
<msg timestamp="20220815 12:07:20.258" level="WARN">Keyword 'Set Screenshot Directory' found both from a custom library 'SeleniumLibrary' and a standard library 'Screenshot'. The custom keyword is used. To select explicitly, and to get rid of this warning, use either 'SeleniumLibrary.Set Screenshot Directory' or 'Screenshot.Set Screenshot Directory'.</msg>
<status status="PASS" starttime="20220815 12:07:20.258" endtime="20220815 12:07:20.260"/>
</kw>
<kw name="Capture Page Screenshot" library="SeleniumLibrary">
<doc>Takes a screenshot of the current page and embeds it into a log file.</doc>
<msg timestamp="20220815 12:07:20.529" level="INFO" html="true">&lt;/td&gt;&lt;/tr&gt;&lt;tr&gt;&lt;td colspan="3"&gt;&lt;a href="results/selenium-screenshot-24.png"&gt;&lt;img src="results/selenium-screenshot-24.png" width="800px"&gt;&lt;/a&gt;</msg>
<status status="PASS" starttime="20220815 12:07:20.260" endtime="20220815 12:07:20.529"/>
</kw>
<status status="PASS" starttime="20220815 12:07:20.257" endtime="20220815 12:07:20.529"/>
</kw>
<doc>Esse teste assume todos o filtro Cidade passados na história de usuário, caso 2.</doc>
<tag>filtros_pesquisa_cidade</tag>
<status status="PASS" starttime="20220815 12:07:18.594" endtime="20220815 12:07:20.529"/>
</test>
<test id="s1-t8" name="Caso de Teste 08 - Efetuar Busca - Bairro" line="57">
<kw name="Pesquisa pelo Bairro: Jardim Triana" library="prova_resources">
<kw name="Click Element" library="SeleniumLibrary">
<arg>locator=${BAIRRO}</arg>
<doc>Click the element identified by ``locator``.</doc>
<msg timestamp="20220815 12:07:20.534" level="INFO">Clicking element '//input[contains(@placeholder,'Bairro')]'.</msg>
<status status="PASS" starttime="20220815 12:07:20.533" endtime="20220815 12:07:20.849"/>
</kw>
<kw name="Click Element" library="SeleniumLibrary">
<arg>locator=${JARDIMTRIANA}</arg>
<doc>Click the element identified by ``locator``.</doc>
<msg timestamp="20220815 12:07:20.850" level="INFO">Clicking element '//button[@type='button'][contains(.,'Jardim Triana')]'.</msg>
<status status="PASS" starttime="20220815 12:07:20.849" endtime="20220815 12:07:21.285"/>
</kw>
<kw name="Wait Until Element Is Visible" library="SeleniumLibrary">
<arg>locator=${RESULTADO}</arg>
<doc>Waits until the element ``locator`` is visible.</doc>
<status status="PASS" starttime="20220815 12:07:21.285" endtime="20220815 12:07:21.953"/>
</kw>
<status status="PASS" starttime="20220815 12:07:20.532" endtime="20220815 12:07:21.953"/>
</kw>
<kw name="Printar o resultado" library="prova_resources" type="TEARDOWN">
<kw name="Set Screenshot Directory" library="SeleniumLibrary">
<arg>path=./results</arg>
<doc>Sets the directory for captured screenshots.</doc>
<msg timestamp="20220815 12:07:21.955" level="WARN">Keyword 'Set Screenshot Directory' found both from a custom library 'SeleniumLibrary' and a standard library 'Screenshot'. The custom keyword is used. To select explicitly, and to get rid of this warning, use either 'SeleniumLibrary.Set Screenshot Directory' or 'Screenshot.Set Screenshot Directory'.</msg>
<status status="PASS" starttime="20220815 12:07:21.955" endtime="20220815 12:07:21.957"/>
</kw>
<kw name="Capture Page Screenshot" library="SeleniumLibrary">
<doc>Takes a screenshot of the current page and embeds it into a log file.</doc>
<msg timestamp="20220815 12:07:22.233" level="INFO" html="true">&lt;/td&gt;&lt;/tr&gt;&lt;tr&gt;&lt;td colspan="3"&gt;&lt;a href="results/selenium-screenshot-25.png"&gt;&lt;img src="results/selenium-screenshot-25.png" width="800px"&gt;&lt;/a&gt;</msg>
<status status="PASS" starttime="20220815 12:07:21.958" endtime="20220815 12:07:22.233"/>
</kw>
<status status="PASS" starttime="20220815 12:07:21.955" endtime="20220815 12:07:22.233"/>
</kw>
<doc>Esse teste assume todos o filtro bairro passados na história de usuário, caso 2.</doc>
<tag>filtros_pesquisa_bairrp</tag>
<status status="PASS" starttime="20220815 12:07:20.531" endtime="20220815 12:07:22.234"/>
</test>
<doc>Essa suite testa os filtros da sessão imóveis dentro da interna do correto.</doc>
<status status="PASS" starttime="20220815 12:06:55.387" endtime="20220815 12:07:22.236"/>
</suite>
<statistics>
<total>
<stat pass="8" fail="0" skip="0">All Tests</stat>
</total>
<tag>
<stat pass="1" fail="0" skip="0">acesso_site</stat>
<stat pass="1" fail="0" skip="0">filtros_pesquisa_bairrp</stat>
<stat pass="1" fail="0" skip="0">filtros_pesquisa_cidade</stat>
<stat pass="1" fail="0" skip="0">filtros_pesquisa_estagio</stat>
<stat pass="1" fail="0" skip="0">filtros_pesquisa_incorporadora</stat>
<stat pass="1" fail="0" skip="0">filtros_pesquisa_nome</stat>
<stat pass="1" fail="0" skip="0">filtros_pesquisa_preco</stat>
<stat pass="1" fail="0" skip="0">login</stat>
</tag>
<suite>
<stat pass="8" fail="0" skip="0" id="s1" name="Prova Testes Separados">Prova Testes Separados</stat>
</suite>
</statistics>
<errors>
<msg timestamp="20220815 12:07:02.248" level="WARN">Keyword 'Set Screenshot Directory' found both from a custom library 'SeleniumLibrary' and a standard library 'Screenshot'. The custom keyword is used. To select explicitly, and to get rid of this warning, use either 'SeleniumLibrary.Set Screenshot Directory' or 'Screenshot.Set Screenshot Directory'.</msg>
<msg timestamp="20220815 12:07:04.937" level="WARN">Keyword 'Set Screenshot Directory' found both from a custom library 'SeleniumLibrary' and a standard library 'Screenshot'. The custom keyword is used. To select explicitly, and to get rid of this warning, use either 'SeleniumLibrary.Set Screenshot Directory' or 'Screenshot.Set Screenshot Directory'.</msg>
<msg timestamp="20220815 12:07:10.443" level="WARN">Keyword 'Set Screenshot Directory' found both from a custom library 'SeleniumLibrary' and a standard library 'Screenshot'. The custom keyword is used. To select explicitly, and to get rid of this warning, use either 'SeleniumLibrary.Set Screenshot Directory' or 'Screenshot.Set Screenshot Directory'.</msg>
<msg timestamp="20220815 12:07:12.961" level="WARN">Keyword 'Set Screenshot Directory' found both from a custom library 'SeleniumLibrary' and a standard library 'Screenshot'. The custom keyword is used. To select explicitly, and to get rid of this warning, use either 'SeleniumLibrary.Set Screenshot Directory' or 'Screenshot.Set Screenshot Directory'.</msg>
<msg timestamp="20220815 12:07:16.148" level="WARN">Keyword 'Set Screenshot Directory' found both from a custom library 'SeleniumLibrary' and a standard library 'Screenshot'. The custom keyword is used. To select explicitly, and to get rid of this warning, use either 'SeleniumLibrary.Set Screenshot Directory' or 'Screenshot.Set Screenshot Directory'.</msg>
<msg timestamp="20220815 12:07:18.317" level="WARN">Keyword 'Set Screenshot Directory' found both from a custom library 'SeleniumLibrary' and a standard library 'Screenshot'. The custom keyword is used. To select explicitly, and to get rid of this warning, use either 'SeleniumLibrary.Set Screenshot Directory' or 'Screenshot.Set Screenshot Directory'.</msg>
<msg timestamp="20220815 12:07:20.258" level="WARN">Keyword 'Set Screenshot Directory' found both from a custom library 'SeleniumLibrary' and a standard library 'Screenshot'. The custom keyword is used. To select explicitly, and to get rid of this warning, use either 'SeleniumLibrary.Set Screenshot Directory' or 'Screenshot.Set Screenshot Directory'.</msg>
<msg timestamp="20220815 12:07:21.955" level="WARN">Keyword 'Set Screenshot Directory' found both from a custom library 'SeleniumLibrary' and a standard library 'Screenshot'. The custom keyword is used. To select explicitly, and to get rid of this warning, use either 'SeleniumLibrary.Set Screenshot Directory' or 'Screenshot.Set Screenshot Directory'.</msg>
</errors>
</robot>
